# JRE version: OpenJDK Runtime Environment (8.0_242-b01) (build 1.8.0_242-release-1644-b01)
# Java VM: OpenJDK 64-Bit Server VM (25.242-b01 mixed mode windows-amd64 compressed oops)
Heap:
 PSYoungGen      total 296448K, used 54199K [0x00000000eab00000, 0x0000000100000000, 0x0000000100000000)
  eden space 251904K, 16% used [0x00000000eab00000,0x00000000ed29aea0,0x00000000fa100000)
  from space 44544K, 30% used [0x00000000fd480000,0x00000000fe1d2f70,0x0000000100000000)
  to   space 48640K, 0% used [0x00000000fa100000,0x00000000fa100000,0x00000000fd080000)
 ParOldGen       total 189440K, used 124830K [0x00000000c0000000, 0x00000000cb900000, 0x00000000eab00000)
  object space 189440K, 65% used [0x00000000c0000000,0x00000000c79e7af8,0x00000000cb900000)
 Metaspace       used 108763K, capacity 114258K, committed 114508K, reserved 1148928K
  class space    used 14355K, capacity 15427K, committed 15488K, reserved 1048576K
GC Heap History (10 events):
Event: 161.708 GC heap before
{Heap before GC invocations=16 (full 3):
 PSYoungGen      total 319488K, used 319479K [0x00000000eab00000, 0x0000000100000000, 0x0000000100000000)
  eden space 297984K, 100% used [0x00000000eab00000,0x00000000fce00000,0x00000000fce00000)
  from space 21504K, 99% used [0x00000000feb00000,0x00000000ffffdd10,0x0000000100000000)
  to   space 25600K, 0% used [0x00000000fce00000,0x00000000fce00000,0x00000000fe700000)
 ParOldGen       total 110592K, used 34651K [0x00000000c0000000, 0x00000000c6c00000, 0x00000000eab00000)
  object space 110592K, 31% used [0x00000000c0000000,0x00000000c21d6e28,0x00000000c6c00000)
 Metaspace       used 87262K, capacity 91340K, committed 91608K, reserved 1128448K
  class space    used 11573K, capacity 12447K, committed 12544K, reserved 1048576K
Event: 161.767 GC heap after
Heap after GC invocations=16 (full 3):
 PSYoungGen      total 323584K, used 25452K [0x00000000eab00000, 0x0000000100000000, 0x0000000100000000)
  eden space 297984K, 0% used [0x00000000eab00000,0x00000000eab00000,0x00000000fce00000)
  from space 25600K, 99% used [0x00000000fce00000,0x00000000fe6db148,0x00000000fe700000)
  to   space 25600K, 0% used [0x00000000fe700000,0x00000000fe700000,0x0000000100000000)
 ParOldGen       total 110592K, used 47347K [0x00000000c0000000, 0x00000000c6c00000, 0x00000000eab00000)
  object space 110592K, 42% used [0x00000000c0000000,0x00000000c2e3cdc8,0x00000000c6c00000)
 Metaspace       used 87262K, capacity 91340K, committed 91608K, reserved 1128448K
  class space    used 11573K, capacity 12447K, committed 12544K, reserved 1048576K
}
Event: 169.320 GC heap before
{Heap before GC invocations=17 (full 3):
 PSYoungGen      total 323584K, used 322931K [0x00000000eab00000, 0x0000000100000000, 0x0000000100000000)
  eden space 297984K, 99% used [0x00000000eab00000,0x00000000fcd81de8,0x00000000fce00000)
  from space 25600K, 99% used [0x00000000fce00000,0x00000000fe6db148,0x00000000fe700000)
  to   space 25600K, 0% used [0x00000000fe700000,0x00000000fe700000,0x0000000100000000)
 ParOldGen       total 110592K, used 47347K [0x00000000c0000000, 0x00000000c6c00000, 0x00000000eab00000)
  object space 110592K, 42% used [0x00000000c0000000,0x00000000c2e3cdc8,0x00000000c6c00000)
 Metaspace       used 93690K, capacity 98152K, committed 98380K, reserved 1134592K
  class space    used 12495K, capacity 13417K, committed 13440K, reserved 1048576K
Event: 169.501 GC heap after
Heap after GC invocations=17 (full 3):
 PSYoungGen      total 286720K, used 25578K [0x00000000eab00000, 0x0000000100000000, 0x0000000100000000)
  eden space 261120K, 0% used [0x00000000eab00000,0x00000000eab00000,0x00000000faa00000)
  from space 25600K, 99% used [0x00000000fe700000,0x00000000ffffab68,0x0000000100000000)
  to   space 44032K, 0% used [0x00000000faa00000,0x00000000faa00000,0x00000000fd500000)
 ParOldGen       total 110592K, used 77121K [0x00000000c0000000, 0x00000000c6c00000, 0x00000000eab00000)
  object space 110592K, 69% used [0x00000000c0000000,0x00000000c4b507e0,0x00000000c6c00000)
 Metaspace       used 93690K, capacity 98152K, committed 98380K, reserved 1134592K
  class space    used 12495K, capacity 13417K, committed 13440K, reserved 1048576K
}
Event: 169.501 GC heap before
{Heap before GC invocations=18 (full 4):
 PSYoungGen      total 286720K, used 25578K [0x00000000eab00000, 0x0000000100000000, 0x0000000100000000)
  eden space 261120K, 0% used [0x00000000eab00000,0x00000000eab00000,0x00000000faa00000)
  from space 25600K, 99% used [0x00000000fe700000,0x00000000ffffab68,0x0000000100000000)
  to   space 44032K, 0% used [0x00000000faa00000,0x00000000faa00000,0x00000000fd500000)
 ParOldGen       total 110592K, used 77121K [0x00000000c0000000, 0x00000000c6c00000, 0x00000000eab00000)
  object space 110592K, 69% used [0x00000000c0000000,0x00000000c4b507e0,0x00000000c6c00000)
 Metaspace       used 93690K, capacity 98152K, committed 98380K, reserved 1134592K
  class space    used 12495K, capacity 13417K, committed 13440K, reserved 1048576K
Event: 171.064 GC heap after
Heap after GC invocations=18 (full 4):
 PSYoungGen      total 286720K, used 0K [0x00000000eab00000, 0x0000000100000000, 0x0000000100000000)
  eden space 261120K, 0% used [0x00000000eab00000,0x00000000eab00000,0x00000000faa00000)
  from space 25600K, 0% used [0x00000000fe700000,0x00000000fe700000,0x0000000100000000)
  to   space 44032K, 0% used [0x00000000faa00000,0x00000000faa00000,0x00000000fd500000)
 ParOldGen       total 189440K, used 89184K [0x00000000c0000000, 0x00000000cb900000, 0x00000000eab00000)
  object space 189440K, 47% used [0x00000000c0000000,0x00000000c5718038,0x00000000cb900000)
 Metaspace       used 93579K, capacity 97824K, committed 98380K, reserved 1134592K
  class space    used 12459K, capacity 13353K, committed 13440K, reserved 1048576K
}
Event: 180.266 GC heap before
{Heap before GC invocations=19 (full 4):
 PSYoungGen      total 286720K, used 261120K [0x00000000eab00000, 0x0000000100000000, 0x0000000100000000)
  eden space 261120K, 100% used [0x00000000eab00000,0x00000000faa00000,0x00000000faa00000)
  from space 25600K, 0% used [0x00000000fe700000,0x00000000fe700000,0x0000000100000000)
  to   space 44032K, 0% used [0x00000000faa00000,0x00000000faa00000,0x00000000fd500000)
 ParOldGen       total 189440K, used 89184K [0x00000000c0000000, 0x00000000cb900000, 0x00000000eab00000)
  object space 189440K, 47% used [0x00000000c0000000,0x00000000c5718038,0x00000000cb900000)
 Metaspace       used 97632K, capacity 102374K, committed 102604K, reserved 1138688K
  class space    used 12988K, capacity 13958K, committed 14080K, reserved 1048576K
Event: 180.336 GC heap after
Heap after GC invocations=19 (full 4):
 PSYoungGen      total 304640K, used 43126K [0x00000000eab00000, 0x0000000100000000, 0x0000000100000000)
  eden space 261120K, 0% used [0x00000000eab00000,0x00000000eab00000,0x00000000faa00000)
  from space 43520K, 99% used [0x00000000faa00000,0x00000000fd41dab0,0x00000000fd480000)
  to   space 44544K, 0% used [0x00000000fd480000,0x00000000fd480000,0x0000000100000000)
 ParOldGen       total 189440K, used 89192K [0x00000000c0000000, 0x00000000cb900000, 0x00000000eab00000)
  object space 189440K, 47% used [0x00000000c0000000,0x00000000c571a038,0x00000000cb900000)
 Metaspace       used 97632K, capacity 102374K, committed 102604K, reserved 1138688K
  class space    used 12988K, capacity 13958K, committed 14080K, reserved 1048576K
}
Event: 187.212 GC heap before
{Heap before GC invocations=20 (full 4):
 PSYoungGen      total 304640K, used 304246K [0x00000000eab00000, 0x0000000100000000, 0x0000000100000000)
  eden space 261120K, 100% used [0x00000000eab00000,0x00000000faa00000,0x00000000faa00000)
  from space 43520K, 99% used [0x00000000faa00000,0x00000000fd41dab0,0x00000000fd480000)
  to   space 44544K, 0% used [0x00000000fd480000,0x00000000fd480000,0x0000000100000000)
 ParOldGen       total 189440K, used 89192K [0x00000000c0000000, 0x00000000cb900000, 0x00000000eab00000)
  object space 189440K, 47% used [0x00000000c0000000,0x00000000c571a038,0x00000000cb900000)
 Metaspace       used 107761K, capacity 113152K, committed 113356K, reserved 1146880K
  class space    used 14219K, capacity 15288K, committed 15360K, reserved 1048576K
Event: 187.401 GC heap after
Heap after GC invocations=20 (full 4):
 PSYoungGen      total 296448K, used 13643K [0x00000000eab00000, 0x0000000100000000, 0x0000000100000000)
  eden space 251904K, 0% used [0x00000000eab00000,0x00000000eab00000,0x00000000fa100000)
  from space 44544K, 30% used [0x00000000fd480000,0x00000000fe1d2f70,0x0000000100000000)
  to   space 48640K, 0% used [0x00000000fa100000,0x00000000fa100000,0x00000000fd080000)
 ParOldGen       total 189440K, used 124830K [0x00000000c0000000, 0x00000000cb900000, 0x00000000eab00000)
  object space 189440K, 65% used [0x00000000c0000000,0x00000000c79e7af8,0x00000000cb900000)
 Metaspace       used 107761K, capacity 113152K, committed 113356K, reserved 1146880K
  class space    used 14219K, capacity 15288K, committed 15360K, reserved 1048576K
}

